0 info it worked if it ends with ok
1 verbose cli [ '/home/gnsp/.nvm/versions/node/v6.3.1/bin/node',
1 verbose cli   '/home/gnsp/.nvm/versions/node/v6.3.1/bin/npm',
1 verbose cli   'run',
1 verbose cli   'test' ]
2 info using npm@3.10.3
3 info using node@v6.3.1
4 verbose run-script [ 'pretest', 'test', 'posttest' ]
5 info lifecycle ironscript@1.0.0~pretest: ironscript@1.0.0
6 silly lifecycle ironscript@1.0.0~pretest: no script for pretest, continuing
7 info lifecycle ironscript@1.0.0~test: ironscript@1.0.0
8 verbose lifecycle ironscript@1.0.0~test: unsafe-perm in lifecycle true
9 verbose lifecycle ironscript@1.0.0~test: PATH: /home/gnsp/.nvm/versions/node/v6.3.1/lib/node_modules/npm/bin/node-gyp-bin:/home/gnsp/PROJECTS/ironscript/node_modules/.bin:/home/gnsp/.nvm/versions/node/v6.3.1/bin:/home/gnsp/.nvm/versions/node/v6.3.1/bin:/usr/lib/lightdm/lightdm:/usr/local/sbin:/usr/local/bin:/usr/sbin:/usr/bin:/sbin:/bin:/usr/games
10 verbose lifecycle ironscript@1.0.0~test: CWD: /home/gnsp/PROJECTS/ironscript
11 silly lifecycle ironscript@1.0.0~test: Args: [ '-c', 'node ./dist/node/ironscript.js ./test/test.is' ]
12 silly lifecycle ironscript@1.0.0~test: Returned: code: 1  signal: null
13 info lifecycle ironscript@1.0.0~test: Failed to exec test script
14 verbose stack Error: ironscript@1.0.0 test: `node ./dist/node/ironscript.js ./test/test.is`
14 verbose stack Exit status 1
14 verbose stack     at EventEmitter.<anonymous> (/home/gnsp/.nvm/versions/node/v6.3.1/lib/node_modules/npm/lib/utils/lifecycle.js:242:16)
14 verbose stack     at emitTwo (events.js:106:13)
14 verbose stack     at EventEmitter.emit (events.js:191:7)
14 verbose stack     at ChildProcess.<anonymous> (/home/gnsp/.nvm/versions/node/v6.3.1/lib/node_modules/npm/lib/utils/spawn.js:40:14)
14 verbose stack     at emitTwo (events.js:106:13)
14 verbose stack     at ChildProcess.emit (events.js:191:7)
14 verbose stack     at maybeClose (internal/child_process.js:852:16)
14 verbose stack     at Process.ChildProcess._handle.onexit (internal/child_process.js:215:5)
15 verbose pkgid ironscript@1.0.0
16 verbose cwd /home/gnsp/PROJECTS/ironscript
17 error Linux 3.2.0-102-generic
18 error argv "/home/gnsp/.nvm/versions/node/v6.3.1/bin/node" "/home/gnsp/.nvm/versions/node/v6.3.1/bin/npm" "run" "test"
19 error node v6.3.1
20 error npm  v3.10.3
21 error code ELIFECYCLE
22 error ironscript@1.0.0 test: `node ./dist/node/ironscript.js ./test/test.is`
22 error Exit status 1
23 error Failed at the ironscript@1.0.0 test script 'node ./dist/node/ironscript.js ./test/test.is'.
23 error Make sure you have the latest version of node.js and npm installed.
23 error If you do, this is most likely a problem with the ironscript package,
23 error not with npm itself.
23 error Tell the author that this fails on your system:
23 error     node ./dist/node/ironscript.js ./test/test.is
23 error You can get information on how to open an issue for this project with:
23 error     npm bugs ironscript
23 error Or if that isn't available, you can get their info via:
23 error     npm owner ls ironscript
23 error There is likely additional logging output above.
24 verbose exit [ 1, true ]
